<?xml version="1.0" encoding="UTF-8"?>
<!-- Generated by org.testng.reporters.JUnitReportReporter -->
<testsuite skipped="0" hostname="RobertC-Lap" name="AppiumStructure.MavenJava.SeleniumTest" tests="2" failures="0" timestamp="2021-02-06T13:52:12 EET" time="0.012" errors="0">
  <testcase name="uiAutomation" time="0.001" classname="AppiumStructure.MavenJava.SeleniumTest"/>
  <system-out/>
  <testcase name="elementsUI" time="0.011" classname="AppiumStructure.MavenJava.SeleniumTest"/>
  <system-out/>
</testsuite> <!-- AppiumStructure.MavenJava.SeleniumTest -->
