<?xml version="1.0" encoding="UTF-8"?>
<!-- Generated by org.testng.reporters.JUnitReportReporter -->
<testsuite skipped="0" hostname="RobertC-Lap" name="AppiumStructure.MavenJava.APITest" tests="2" failures="0" timestamp="2021-02-06T13:08:38 EET" time="0.003" errors="0">
  <testcase name="postJira" time="0.000" classname="AppiumStructure.MavenJava.APITest"/>
  <system-out/>
  <testcase name="fetchJira" time="0.003" classname="AppiumStructure.MavenJava.APITest"/>
  <system-out/>
</testsuite> <!-- AppiumStructure.MavenJava.APITest -->
