<?xml version="1.0" encoding="UTF-8"?>
<!-- Generated by org.testng.reporters.JUnitReportReporter -->
<testsuite skipped="0" hostname="RobertC-Lap" name="AppiumStructure.MavenJava.AppTest" tests="1" failures="0" timestamp="2021-02-06T12:38:15 EET" time="0.002" errors="0">
  <testcase name="shouldAnswerWithTrue" time="0.002" classname="AppiumStructure.MavenJava.AppTest"/>
  <system-out/>
</testsuite> <!-- AppiumStructure.MavenJava.AppTest -->
