<?xml version="1.0" encoding="UTF-8"?>
<!-- Generated by org.testng.reporters.JUnitReportReporter -->
<testsuite skipped="0" hostname="RobertC-Lap" name="AppiumStructure.MavenJava.AppiumTest" tests="2" failures="0" timestamp="2021-02-06T13:52:12 EET" time="26.718" errors="0">
  <testcase name="appiumTest1" time="14.042" classname="AppiumStructure.MavenJava.AppiumTest"/>
  <system-out/>
  <testcase name="appiumTest2" time="12.676" classname="AppiumStructure.MavenJava.AppiumTest"/>
  <system-out/>
</testsuite> <!-- AppiumStructure.MavenJava.AppiumTest -->
