<?xml version="1.0" encoding="UTF-8"?>
<!-- Generated by org.testng.reporters.JUnitReportReporter -->
<testsuite skipped="0" hostname="RobertC-Lap" name="AppiumStructure.MavenJava.BasicTests" tests="2" failures="0" timestamp="2021-02-09T14:02:53 EET" time="52.944" errors="0">
  <testcase name="addWifiSettingPreference" time="16.280" classname="AppiumStructure.MavenJava.BasicTests"/>
  <system-out/>
  <testcase name="openPreferencePage" time="36.664" classname="AppiumStructure.MavenJava.BasicTests"/>
  <system-out/>
</testsuite> <!-- AppiumStructure.MavenJava.BasicTests -->
